[0.318s] Invoking command in '/home/chaos/tf_ws/servo/servo_github': PYTHONPATH=/home/chaos/tf_ws/servo/servo_github/install/servo/lib/python3.8/site-packages:${PYTHONPATH} /usr/bin/python3 setup.py egg_info --egg-base build/servo build --build-base /home/chaos/tf_ws/servo/servo_github/build/servo/build install --prefix /home/chaos/tf_ws/servo/servo_github/install/servo --record /home/chaos/tf_ws/servo/servo_github/build/servo/install.log --single-version-externally-managed
[0.601s] running egg_info
[0.602s] writing build/servo/servo.egg-info/PKG-INFO
[0.603s] writing dependency_links to build/servo/servo.egg-info/dependency_links.txt
[0.603s] writing entry points to build/servo/servo.egg-info/entry_points.txt
[0.603s] writing requirements to build/servo/servo.egg-info/requires.txt
[0.604s] writing top-level names to build/servo/servo.egg-info/top_level.txt
[0.643s] reading manifest file 'build/servo/servo.egg-info/SOURCES.txt'
[0.644s] writing manifest file 'build/servo/servo.egg-info/SOURCES.txt'
[0.644s] running build
[0.644s] running build_py
[0.644s] copying servo/controller.py -> /home/chaos/tf_ws/servo/servo_github/build/servo/build/lib/servo
[0.645s] running install
[0.646s] running install_lib
[0.648s] copying /home/chaos/tf_ws/servo/servo_github/build/servo/build/lib/servo/controller.py -> /home/chaos/tf_ws/servo/servo_github/install/servo/lib/python3.8/site-packages/servo
[0.649s] byte-compiling /home/chaos/tf_ws/servo/servo_github/install/servo/lib/python3.8/site-packages/servo/controller.py to controller.cpython-38.pyc
[0.650s] running install_data
[0.651s] running install_egg_info
[0.656s] removing '/home/chaos/tf_ws/servo/servo_github/install/servo/lib/python3.8/site-packages/servo-0.0.0-py3.8.egg-info' (and everything under it)
[0.656s] Copying build/servo/servo.egg-info to /home/chaos/tf_ws/servo/servo_github/install/servo/lib/python3.8/site-packages/servo-0.0.0-py3.8.egg-info
[0.659s] running install_scripts
[0.679s] Installing controller script to /home/chaos/tf_ws/servo/servo_github/install/servo/lib/servo
[0.679s] Installing servo script to /home/chaos/tf_ws/servo/servo_github/install/servo/lib/servo
[0.680s] writing list of installed files to '/home/chaos/tf_ws/servo/servo_github/build/servo/install.log'
[0.706s] Invoked command in '/home/chaos/tf_ws/servo/servo_github' returned '0': PYTHONPATH=/home/chaos/tf_ws/servo/servo_github/install/servo/lib/python3.8/site-packages:${PYTHONPATH} /usr/bin/python3 setup.py egg_info --egg-base build/servo build --build-base /home/chaos/tf_ws/servo/servo_github/build/servo/build install --prefix /home/chaos/tf_ws/servo/servo_github/install/servo --record /home/chaos/tf_ws/servo/servo_github/build/servo/install.log --single-version-externally-managed
