[0.288s] Invoking command in '/home/chaos/tf_ws/servo/servo_github': PYTHONPATH=/home/chaos/tf_ws/servo/servo_github/install/servo/lib/python3.8/site-packages:${PYTHONPATH} /usr/bin/python3 setup.py egg_info --egg-base build/servo build --build-base /home/chaos/tf_ws/servo/servo_github/build/servo/build install --prefix /home/chaos/tf_ws/servo/servo_github/install/servo --record /home/chaos/tf_ws/servo/servo_github/build/servo/install.log --single-version-externally-managed
[0.538s] running egg_info
[0.539s] writing build/servo/servo.egg-info/PKG-INFO
[0.539s] writing dependency_links to build/servo/servo.egg-info/dependency_links.txt
[0.540s] writing entry points to build/servo/servo.egg-info/entry_points.txt
[0.540s] writing requirements to build/servo/servo.egg-info/requires.txt
[0.540s] writing top-level names to build/servo/servo.egg-info/top_level.txt
[0.578s] reading manifest file 'build/servo/servo.egg-info/SOURCES.txt'
[0.579s] writing manifest file 'build/servo/servo.egg-info/SOURCES.txt'
[0.579s] running build
[0.579s] running build_py
[0.580s] copying servo/controller.py -> /home/chaos/tf_ws/servo/servo_github/build/servo/build/lib/servo
[0.580s] running install
[0.581s] running install_lib
[0.582s] copying /home/chaos/tf_ws/servo/servo_github/build/servo/build/lib/servo/controller.py -> /home/chaos/tf_ws/servo/servo_github/install/servo/lib/python3.8/site-packages/servo
[0.583s] byte-compiling /home/chaos/tf_ws/servo/servo_github/install/servo/lib/python3.8/site-packages/servo/controller.py to controller.cpython-38.pyc
[0.585s] running install_data
[0.585s] running install_egg_info
[0.588s] removing '/home/chaos/tf_ws/servo/servo_github/install/servo/lib/python3.8/site-packages/servo-0.0.0-py3.8.egg-info' (and everything under it)
[0.589s] Copying build/servo/servo.egg-info to /home/chaos/tf_ws/servo/servo_github/install/servo/lib/python3.8/site-packages/servo-0.0.0-py3.8.egg-info
[0.590s] running install_scripts
[0.610s] Installing controller script to /home/chaos/tf_ws/servo/servo_github/install/servo/lib/servo
[0.610s] Installing servo script to /home/chaos/tf_ws/servo/servo_github/install/servo/lib/servo
[0.611s] writing list of installed files to '/home/chaos/tf_ws/servo/servo_github/build/servo/install.log'
[0.635s] Invoked command in '/home/chaos/tf_ws/servo/servo_github' returned '0': PYTHONPATH=/home/chaos/tf_ws/servo/servo_github/install/servo/lib/python3.8/site-packages:${PYTHONPATH} /usr/bin/python3 setup.py egg_info --egg-base build/servo build --build-base /home/chaos/tf_ws/servo/servo_github/build/servo/build install --prefix /home/chaos/tf_ws/servo/servo_github/install/servo --record /home/chaos/tf_ws/servo/servo_github/build/servo/install.log --single-version-externally-managed
