[0.259s] Invoking command in '/home/chaos/tf_ws/servo/servo_github': PYTHONPATH=/home/chaos/tf_ws/servo/servo_github/install/servo/lib/python3.8/site-packages:${PYTHONPATH} /usr/bin/python3 setup.py egg_info --egg-base build/servo build --build-base /home/chaos/tf_ws/servo/servo_github/build/servo/build install --prefix /home/chaos/tf_ws/servo/servo_github/install/servo --record /home/chaos/tf_ws/servo/servo_github/build/servo/install.log --single-version-externally-managed
[0.488s] running egg_info
[0.489s] writing build/servo/servo.egg-info/PKG-INFO
[0.489s] writing dependency_links to build/servo/servo.egg-info/dependency_links.txt
[0.490s] writing entry points to build/servo/servo.egg-info/entry_points.txt
[0.490s] writing requirements to build/servo/servo.egg-info/requires.txt
[0.490s] writing top-level names to build/servo/servo.egg-info/top_level.txt
[0.524s] reading manifest file 'build/servo/servo.egg-info/SOURCES.txt'
[0.525s] writing manifest file 'build/servo/servo.egg-info/SOURCES.txt'
[0.525s] running build
[0.526s] running build_py
[0.526s] copying servo/output_servo.py -> /home/chaos/tf_ws/servo/servo_github/build/servo/build/lib/servo
[0.526s] running install
[0.527s] running install_lib
[0.528s] copying /home/chaos/tf_ws/servo/servo_github/build/servo/build/lib/servo/output_servo.py -> /home/chaos/tf_ws/servo/servo_github/install/servo/lib/python3.8/site-packages/servo
[0.529s] byte-compiling /home/chaos/tf_ws/servo/servo_github/install/servo/lib/python3.8/site-packages/servo/output_servo.py to output_servo.cpython-38.pyc
[0.531s] running install_data
[0.532s] running install_egg_info
[0.534s] removing '/home/chaos/tf_ws/servo/servo_github/install/servo/lib/python3.8/site-packages/servo-0.0.0-py3.8.egg-info' (and everything under it)
[0.535s] Copying build/servo/servo.egg-info to /home/chaos/tf_ws/servo/servo_github/install/servo/lib/python3.8/site-packages/servo-0.0.0-py3.8.egg-info
[0.536s] running install_scripts
[0.553s] Installing controller script to /home/chaos/tf_ws/servo/servo_github/install/servo/lib/servo
[0.554s] Installing servo script to /home/chaos/tf_ws/servo/servo_github/install/servo/lib/servo
[0.554s] writing list of installed files to '/home/chaos/tf_ws/servo/servo_github/build/servo/install.log'
[0.576s] Invoked command in '/home/chaos/tf_ws/servo/servo_github' returned '0': PYTHONPATH=/home/chaos/tf_ws/servo/servo_github/install/servo/lib/python3.8/site-packages:${PYTHONPATH} /usr/bin/python3 setup.py egg_info --egg-base build/servo build --build-base /home/chaos/tf_ws/servo/servo_github/build/servo/build install --prefix /home/chaos/tf_ws/servo/servo_github/install/servo --record /home/chaos/tf_ws/servo/servo_github/build/servo/install.log --single-version-externally-managed
