[0.349s] Invoking command in '/home/chaos/tf_ws/servo/servo_github': PYTHONPATH=/home/chaos/tf_ws/servo/servo_github/install/servo/lib/python3.8/site-packages:${PYTHONPATH} /usr/bin/python3 setup.py egg_info --egg-base build/servo build --build-base /home/chaos/tf_ws/servo/servo_github/build/servo/build install --prefix /home/chaos/tf_ws/servo/servo_github/install/servo --record /home/chaos/tf_ws/servo/servo_github/build/servo/install.log --single-version-externally-managed
[0.652s] running egg_info
[0.653s] writing build/servo/servo.egg-info/PKG-INFO
[0.653s] writing dependency_links to build/servo/servo.egg-info/dependency_links.txt
[0.653s] writing entry points to build/servo/servo.egg-info/entry_points.txt
[0.654s] writing requirements to build/servo/servo.egg-info/requires.txt
[0.654s] writing top-level names to build/servo/servo.egg-info/top_level.txt
[0.699s] reading manifest file 'build/servo/servo.egg-info/SOURCES.txt'
[0.701s] writing manifest file 'build/servo/servo.egg-info/SOURCES.txt'
[0.701s] running build
[0.702s] running build_py
[0.702s] running install
[0.703s] running install_lib
[0.706s] running install_data
[0.707s] copying launch/servo.launch.py -> /home/chaos/tf_ws/servo/servo_github/install/servo/share/servo
[0.708s] running install_egg_info
[0.710s] removing '/home/chaos/tf_ws/servo/servo_github/install/servo/lib/python3.8/site-packages/servo-0.0.0-py3.8.egg-info' (and everything under it)
[0.710s] Copying build/servo/servo.egg-info to /home/chaos/tf_ws/servo/servo_github/install/servo/lib/python3.8/site-packages/servo-0.0.0-py3.8.egg-info
[0.711s] running install_scripts
[0.733s] Installing controller script to /home/chaos/tf_ws/servo/servo_github/install/servo/lib/servo
[0.733s] Installing servo script to /home/chaos/tf_ws/servo/servo_github/install/servo/lib/servo
[0.734s] writing list of installed files to '/home/chaos/tf_ws/servo/servo_github/build/servo/install.log'
[0.767s] Invoked command in '/home/chaos/tf_ws/servo/servo_github' returned '0': PYTHONPATH=/home/chaos/tf_ws/servo/servo_github/install/servo/lib/python3.8/site-packages:${PYTHONPATH} /usr/bin/python3 setup.py egg_info --egg-base build/servo build --build-base /home/chaos/tf_ws/servo/servo_github/build/servo/build install --prefix /home/chaos/tf_ws/servo/servo_github/install/servo --record /home/chaos/tf_ws/servo/servo_github/build/servo/install.log --single-version-externally-managed
