/home/chaos/tf_ws/servo/servo_github/install/servo/lib/python3.8/site-packages/servo/hello_world.py
/home/chaos/tf_ws/servo/servo_github/install/servo/lib/python3.8/site-packages/servo/controller.py
/home/chaos/tf_ws/servo/servo_github/install/servo/lib/python3.8/site-packages/servo/input_human_sensor.py
/home/chaos/tf_ws/servo/servo_github/install/servo/lib/python3.8/site-packages/servo/output_servo.py
/home/chaos/tf_ws/servo/servo_github/install/servo/lib/python3.8/site-packages/servo/__init__.py
/home/chaos/tf_ws/servo/servo_github/install/servo/lib/python3.8/site-packages/servo/__pycache__/hello_world.cpython-38.pyc
/home/chaos/tf_ws/servo/servo_github/install/servo/lib/python3.8/site-packages/servo/__pycache__/controller.cpython-38.pyc
/home/chaos/tf_ws/servo/servo_github/install/servo/lib/python3.8/site-packages/servo/__pycache__/input_human_sensor.cpython-38.pyc
/home/chaos/tf_ws/servo/servo_github/install/servo/lib/python3.8/site-packages/servo/__pycache__/output_servo.cpython-38.pyc
/home/chaos/tf_ws/servo/servo_github/install/servo/lib/python3.8/site-packages/servo/__pycache__/__init__.cpython-38.pyc
/home/chaos/tf_ws/servo/servo_github/install/servo/share/ament_index/resource_index/packages/servo
/home/chaos/tf_ws/servo/servo_github/install/servo/share/servo/package.xml
/home/chaos/tf_ws/servo/servo_github/install/servo/share/servo/servo.launch.py
/home/chaos/tf_ws/servo/servo_github/install/servo/lib/python3.8/site-packages/servo-0.0.0-py3.8.egg-info/top_level.txt
/home/chaos/tf_ws/servo/servo_github/install/servo/lib/python3.8/site-packages/servo-0.0.0-py3.8.egg-info/dependency_links.txt
/home/chaos/tf_ws/servo/servo_github/install/servo/lib/python3.8/site-packages/servo-0.0.0-py3.8.egg-info/entry_points.txt
/home/chaos/tf_ws/servo/servo_github/install/servo/lib/python3.8/site-packages/servo-0.0.0-py3.8.egg-info/SOURCES.txt
/home/chaos/tf_ws/servo/servo_github/install/servo/lib/python3.8/site-packages/servo-0.0.0-py3.8.egg-info/requires.txt
/home/chaos/tf_ws/servo/servo_github/install/servo/lib/python3.8/site-packages/servo-0.0.0-py3.8.egg-info/PKG-INFO
/home/chaos/tf_ws/servo/servo_github/install/servo/lib/python3.8/site-packages/servo-0.0.0-py3.8.egg-info/zip-safe
/home/chaos/tf_ws/servo/servo_github/install/servo/lib/servo/controller
/home/chaos/tf_ws/servo/servo_github/install/servo/lib/servo/servo
