[0.270s] Invoking command in '/home/chaos/tf_ws/servo/servo_github': PYTHONPATH=/home/chaos/tf_ws/servo/servo_github/install/servo/lib/python3.8/site-packages:${PYTHONPATH} /usr/bin/python3 setup.py egg_info --egg-base build/servo build --build-base /home/chaos/tf_ws/servo/servo_github/build/servo/build install --prefix /home/chaos/tf_ws/servo/servo_github/install/servo --record /home/chaos/tf_ws/servo/servo_github/build/servo/install.log --single-version-externally-managed
[0.478s] running egg_info
[0.479s] writing build/servo/servo.egg-info/PKG-INFO
[0.479s] writing dependency_links to build/servo/servo.egg-info/dependency_links.txt
[0.480s] writing entry points to build/servo/servo.egg-info/entry_points.txt
[0.480s] writing requirements to build/servo/servo.egg-info/requires.txt
[0.480s] writing top-level names to build/servo/servo.egg-info/top_level.txt
[0.514s] reading manifest file 'build/servo/servo.egg-info/SOURCES.txt'
[0.515s] writing manifest file 'build/servo/servo.egg-info/SOURCES.txt'
[0.515s] running build
[0.516s] running build_py
[0.516s] running install
[0.517s] running install_lib
[0.518s] running install_data
[0.519s] running install_egg_info
[0.521s] removing '/home/chaos/tf_ws/servo/servo_github/install/servo/lib/python3.8/site-packages/servo-0.0.0-py3.8.egg-info' (and everything under it)
[0.522s] Copying build/servo/servo.egg-info to /home/chaos/tf_ws/servo/servo_github/install/servo/lib/python3.8/site-packages/servo-0.0.0-py3.8.egg-info
[0.523s] running install_scripts
[0.540s] Installing controller script to /home/chaos/tf_ws/servo/servo_github/install/servo/lib/servo
[0.540s] Installing servo script to /home/chaos/tf_ws/servo/servo_github/install/servo/lib/servo
[0.540s] writing list of installed files to '/home/chaos/tf_ws/servo/servo_github/build/servo/install.log'
[0.561s] Invoked command in '/home/chaos/tf_ws/servo/servo_github' returned '0': PYTHONPATH=/home/chaos/tf_ws/servo/servo_github/install/servo/lib/python3.8/site-packages:${PYTHONPATH} /usr/bin/python3 setup.py egg_info --egg-base build/servo build --build-base /home/chaos/tf_ws/servo/servo_github/build/servo/build install --prefix /home/chaos/tf_ws/servo/servo_github/install/servo --record /home/chaos/tf_ws/servo/servo_github/build/servo/install.log --single-version-externally-managed
