running egg_info
writing build/servo/servo.egg-info/PKG-INFO
writing dependency_links to build/servo/servo.egg-info/dependency_links.txt
writing entry points to build/servo/servo.egg-info/entry_points.txt
writing requirements to build/servo/servo.egg-info/requires.txt
writing top-level names to build/servo/servo.egg-info/top_level.txt
reading manifest file 'build/servo/servo.egg-info/SOURCES.txt'
writing manifest file 'build/servo/servo.egg-info/SOURCES.txt'
running build
running build_py
running install
running install_lib
running install_data
running install_egg_info
removing '/home/chaos/tf_ws/servo/servo_github/install/servo/lib/python3.8/site-packages/servo-0.0.0-py3.8.egg-info' (and everything under it)
Copying build/servo/servo.egg-info to /home/chaos/tf_ws/servo/servo_github/install/servo/lib/python3.8/site-packages/servo-0.0.0-py3.8.egg-info
running install_scripts
Installing controller script to /home/chaos/tf_ws/servo/servo_github/install/servo/lib/servo
Installing servo script to /home/chaos/tf_ws/servo/servo_github/install/servo/lib/servo
writing list of installed files to '/home/chaos/tf_ws/servo/servo_github/build/servo/install.log'
