[0.366s] Invoking command in '/home/chaos/tf_ws/servo/servo_github': PYTHONPATH=/home/chaos/tf_ws/servo/servo_github/install/servo/lib/python3.8/site-packages:${PYTHONPATH} /usr/bin/python3 setup.py egg_info --egg-base build/servo build --build-base /home/chaos/tf_ws/servo/servo_github/build/servo/build install --prefix /home/chaos/tf_ws/servo/servo_github/install/servo --record /home/chaos/tf_ws/servo/servo_github/build/servo/install.log --single-version-externally-managed
[0.601s] running egg_info
[0.601s] writing build/servo/servo.egg-info/PKG-INFO
[0.602s] writing dependency_links to build/servo/servo.egg-info/dependency_links.txt
[0.602s] writing entry points to build/servo/servo.egg-info/entry_points.txt
[0.603s] writing requirements to build/servo/servo.egg-info/requires.txt
[0.603s] writing top-level names to build/servo/servo.egg-info/top_level.txt
[0.656s] reading manifest file 'build/servo/servo.egg-info/SOURCES.txt'
[0.657s] writing manifest file 'build/servo/servo.egg-info/SOURCES.txt'
[0.657s] running build
[0.658s] running build_py
[0.658s] copying servo/output_servo.py -> /home/chaos/tf_ws/servo/servo_github/build/servo/build/lib/servo
[0.659s] running install
[0.661s] running install_lib
[0.662s] copying /home/chaos/tf_ws/servo/servo_github/build/servo/build/lib/servo/output_servo.py -> /home/chaos/tf_ws/servo/servo_github/install/servo/lib/python3.8/site-packages/servo
[0.663s] byte-compiling /home/chaos/tf_ws/servo/servo_github/install/servo/lib/python3.8/site-packages/servo/output_servo.py to output_servo.cpython-38.pyc
[0.667s] running install_data
[0.668s] running install_egg_info
[0.670s] removing '/home/chaos/tf_ws/servo/servo_github/install/servo/lib/python3.8/site-packages/servo-0.0.0-py3.8.egg-info' (and everything under it)
[0.672s] Copying build/servo/servo.egg-info to /home/chaos/tf_ws/servo/servo_github/install/servo/lib/python3.8/site-packages/servo-0.0.0-py3.8.egg-info
[0.673s] running install_scripts
[0.697s] Installing controller script to /home/chaos/tf_ws/servo/servo_github/install/servo/lib/servo
[0.698s] Installing servo script to /home/chaos/tf_ws/servo/servo_github/install/servo/lib/servo
[0.698s] writing list of installed files to '/home/chaos/tf_ws/servo/servo_github/build/servo/install.log'
[0.721s] Invoked command in '/home/chaos/tf_ws/servo/servo_github' returned '0': PYTHONPATH=/home/chaos/tf_ws/servo/servo_github/install/servo/lib/python3.8/site-packages:${PYTHONPATH} /usr/bin/python3 setup.py egg_info --egg-base build/servo build --build-base /home/chaos/tf_ws/servo/servo_github/build/servo/build install --prefix /home/chaos/tf_ws/servo/servo_github/install/servo --record /home/chaos/tf_ws/servo/servo_github/build/servo/install.log --single-version-externally-managed
